<?xml version="1.0" encoding="UTF-8"?>
<testng-results skipped="9" failed="0" ignored="4" total="13" passed="0">
  <reporter-output>
  </reporter-output>
  <suite name="Suite" duration-ms="5744" started-at="2019-07-14T08:54:32Z" finished-at="2019-07-14T08:54:37Z">
    <groups>
    </groups>
    <test name="Test" duration-ms="5744" started-at="2019-07-14T08:54:32Z" finished-at="2019-07-14T08:54:37Z">
      <class name="testCases.FormTest2">
        <test-method status="FAIL" signature="startMEClass()[pri:0, instance:testCases.FormTest2@3712b94]" name="startMEClass" is-config="true" duration-ms="0" started-at="2019-07-14T08:54:36Z" finished-at="2019-07-14T08:54:36Z">
          <exception class="java.lang.NullPointerException">
            <full-stacktrace>
              <![CDATA[java.lang.NullPointerException
at testCases.FormTest2.startMEClass(FormTest2.java:25)
at sun.reflect.NativeMethodAccessorImpl.invoke0(Native Method)
at sun.reflect.NativeMethodAccessorImpl.invoke(Unknown Source)
at sun.reflect.DelegatingMethodAccessorImpl.invoke(Unknown Source)
at java.lang.reflect.Method.invoke(Unknown Source)
at org.testng.internal.MethodInvocationHelper.invokeMethod(MethodInvocationHelper.java:124)
at org.testng.internal.MethodInvocationHelper.invokeMethodConsideringTimeout(MethodInvocationHelper.java:59)
at org.testng.internal.Invoker.invokeConfigurationMethod(Invoker.java:455)
at org.testng.internal.Invoker.invokeConfigurations(Invoker.java:222)
at org.testng.internal.Invoker.invokeConfigurations(Invoker.java:142)
at org.testng.internal.TestMethodWorker.invokeBeforeClassMethods(TestMethodWorker.java:168)
at org.testng.internal.TestMethodWorker.run(TestMethodWorker.java:105)
at java.util.concurrent.ThreadPoolExecutor.runWorker(Unknown Source)
at java.util.concurrent.ThreadPoolExecutor$Worker.run(Unknown Source)
at java.lang.Thread.run(Unknown Source)
]]>
            </full-stacktrace>
          </exception> <!-- java.lang.NullPointerException -->
          <reporter-output>
          </reporter-output>
        </test-method> <!-- startMEClass -->
        <test-method status="SKIP" signature="beforeTestMethod()[pri:0, instance:testCases.FormTest2@3712b94]" name="beforeTestMethod" is-config="true" duration-ms="0" started-at="2019-07-14T08:54:37Z" finished-at="2019-07-14T08:54:37Z">
          <reporter-output>
          </reporter-output>
        </test-method> <!-- beforeTestMethod -->
        <test-method status="SKIP" signature="formMultipleEntry(java.lang.String, java.lang.String)[pri:0, instance:testCases.FormTest2@3712b94]" name="formMultipleEntry" duration-ms="0" started-at="2019-07-14T08:54:37Z" data-provider="testData" finished-at="2019-07-14T08:54:37Z">
          <exception class="java.lang.NullPointerException">
            <full-stacktrace>
              <![CDATA[java.lang.NullPointerException
at testCases.FormTest2.startMEClass(FormTest2.java:25)
at sun.reflect.NativeMethodAccessorImpl.invoke0(Native Method)
at sun.reflect.NativeMethodAccessorImpl.invoke(Unknown Source)
at sun.reflect.DelegatingMethodAccessorImpl.invoke(Unknown Source)
at java.lang.reflect.Method.invoke(Unknown Source)
at org.testng.internal.MethodInvocationHelper.invokeMethod(MethodInvocationHelper.java:124)
at org.testng.internal.MethodInvocationHelper.invokeMethodConsideringTimeout(MethodInvocationHelper.java:59)
at org.testng.internal.Invoker.invokeConfigurationMethod(Invoker.java:455)
at org.testng.internal.Invoker.invokeConfigurations(Invoker.java:222)
at org.testng.internal.Invoker.invokeConfigurations(Invoker.java:142)
at org.testng.internal.TestMethodWorker.invokeBeforeClassMethods(TestMethodWorker.java:168)
at org.testng.internal.TestMethodWorker.run(TestMethodWorker.java:105)
at java.util.concurrent.ThreadPoolExecutor.runWorker(Unknown Source)
at java.util.concurrent.ThreadPoolExecutor$Worker.run(Unknown Source)
at java.lang.Thread.run(Unknown Source)
]]>
            </full-stacktrace>
          </exception> <!-- java.lang.NullPointerException -->
          <reporter-output>
          </reporter-output>
        </test-method> <!-- formMultipleEntry -->
        <test-method status="SKIP" signature="afterTestMethod(org.testng.ITestResult)[pri:0, instance:testCases.FormTest2@3712b94]" name="afterTestMethod" is-config="true" duration-ms="0" started-at="2019-07-14T08:54:37Z" finished-at="2019-07-14T08:54:37Z">
          <reporter-output>
          </reporter-output>
        </test-method> <!-- afterTestMethod -->
        <test-method status="SKIP" signature="beforeTestMethod()[pri:0, instance:testCases.FormTest2@3712b94]" name="beforeTestMethod" is-config="true" duration-ms="0" started-at="2019-07-14T08:54:37Z" finished-at="2019-07-14T08:54:37Z">
          <reporter-output>
          </reporter-output>
        </test-method> <!-- beforeTestMethod -->
        <test-method status="SKIP" signature="formMultipleEntry(java.lang.String, java.lang.String)[pri:0, instance:testCases.FormTest2@3712b94]" name="formMultipleEntry" duration-ms="0" started-at="2019-07-14T08:54:37Z" data-provider="testData" finished-at="2019-07-14T08:54:37Z">
          <exception class="java.lang.NullPointerException">
            <full-stacktrace>
              <![CDATA[java.lang.NullPointerException
at testCases.FormTest2.startMEClass(FormTest2.java:25)
at sun.reflect.NativeMethodAccessorImpl.invoke0(Native Method)
at sun.reflect.NativeMethodAccessorImpl.invoke(Unknown Source)
at sun.reflect.DelegatingMethodAccessorImpl.invoke(Unknown Source)
at java.lang.reflect.Method.invoke(Unknown Source)
at org.testng.internal.MethodInvocationHelper.invokeMethod(MethodInvocationHelper.java:124)
at org.testng.internal.MethodInvocationHelper.invokeMethodConsideringTimeout(MethodInvocationHelper.java:59)
at org.testng.internal.Invoker.invokeConfigurationMethod(Invoker.java:455)
at org.testng.internal.Invoker.invokeConfigurations(Invoker.java:222)
at org.testng.internal.Invoker.invokeConfigurations(Invoker.java:142)
at org.testng.internal.TestMethodWorker.invokeBeforeClassMethods(TestMethodWorker.java:168)
at org.testng.internal.TestMethodWorker.run(TestMethodWorker.java:105)
at java.util.concurrent.ThreadPoolExecutor.runWorker(Unknown Source)
at java.util.concurrent.ThreadPoolExecutor$Worker.run(Unknown Source)
at java.lang.Thread.run(Unknown Source)
]]>
            </full-stacktrace>
          </exception> <!-- java.lang.NullPointerException -->
          <reporter-output>
          </reporter-output>
        </test-method> <!-- formMultipleEntry -->
        <test-method status="SKIP" signature="afterTestMethod(org.testng.ITestResult)[pri:0, instance:testCases.FormTest2@3712b94]" name="afterTestMethod" is-config="true" duration-ms="0" started-at="2019-07-14T08:54:37Z" finished-at="2019-07-14T08:54:37Z">
          <reporter-output>
          </reporter-output>
        </test-method> <!-- afterTestMethod -->
        <test-method status="SKIP" signature="beforeTestMethod()[pri:0, instance:testCases.FormTest2@3712b94]" name="beforeTestMethod" is-config="true" duration-ms="0" started-at="2019-07-14T08:54:37Z" finished-at="2019-07-14T08:54:37Z">
          <reporter-output>
          </reporter-output>
        </test-method> <!-- beforeTestMethod -->
        <test-method status="SKIP" signature="formMultipleEntry(java.lang.String, java.lang.String)[pri:0, instance:testCases.FormTest2@3712b94]" name="formMultipleEntry" duration-ms="0" started-at="2019-07-14T08:54:37Z" data-provider="testData" finished-at="2019-07-14T08:54:37Z">
          <exception class="java.lang.NullPointerException">
            <full-stacktrace>
              <![CDATA[java.lang.NullPointerException
at testCases.FormTest2.startMEClass(FormTest2.java:25)
at sun.reflect.NativeMethodAccessorImpl.invoke0(Native Method)
at sun.reflect.NativeMethodAccessorImpl.invoke(Unknown Source)
at sun.reflect.DelegatingMethodAccessorImpl.invoke(Unknown Source)
at java.lang.reflect.Method.invoke(Unknown Source)
at org.testng.internal.MethodInvocationHelper.invokeMethod(MethodInvocationHelper.java:124)
at org.testng.internal.MethodInvocationHelper.invokeMethodConsideringTimeout(MethodInvocationHelper.java:59)
at org.testng.internal.Invoker.invokeConfigurationMethod(Invoker.java:455)
at org.testng.internal.Invoker.invokeConfigurations(Invoker.java:222)
at org.testng.internal.Invoker.invokeConfigurations(Invoker.java:142)
at org.testng.internal.TestMethodWorker.invokeBeforeClassMethods(TestMethodWorker.java:168)
at org.testng.internal.TestMethodWorker.run(TestMethodWorker.java:105)
at java.util.concurrent.ThreadPoolExecutor.runWorker(Unknown Source)
at java.util.concurrent.ThreadPoolExecutor$Worker.run(Unknown Source)
at java.lang.Thread.run(Unknown Source)
]]>
            </full-stacktrace>
          </exception> <!-- java.lang.NullPointerException -->
          <reporter-output>
          </reporter-output>
        </test-method> <!-- formMultipleEntry -->
        <test-method status="SKIP" signature="formMultipleEntry(java.lang.String, java.lang.String)[pri:0, instance:testCases.FormTest2@3712b94]" name="formMultipleEntry" duration-ms="0" started-at="2019-07-14T08:54:37Z" data-provider="testData" finished-at="2019-07-14T08:54:37Z">
          <exception class="java.lang.NullPointerException">
            <full-stacktrace>
              <![CDATA[java.lang.NullPointerException
at testCases.FormTest2.startMEClass(FormTest2.java:25)
at sun.reflect.NativeMethodAccessorImpl.invoke0(Native Method)
at sun.reflect.NativeMethodAccessorImpl.invoke(Unknown Source)
at sun.reflect.DelegatingMethodAccessorImpl.invoke(Unknown Source)
at java.lang.reflect.Method.invoke(Unknown Source)
at org.testng.internal.MethodInvocationHelper.invokeMethod(MethodInvocationHelper.java:124)
at org.testng.internal.MethodInvocationHelper.invokeMethodConsideringTimeout(MethodInvocationHelper.java:59)
at org.testng.internal.Invoker.invokeConfigurationMethod(Invoker.java:455)
at org.testng.internal.Invoker.invokeConfigurations(Invoker.java:222)
at org.testng.internal.Invoker.invokeConfigurations(Invoker.java:142)
at org.testng.internal.TestMethodWorker.invokeBeforeClassMethods(TestMethodWorker.java:168)
at org.testng.internal.TestMethodWorker.run(TestMethodWorker.java:105)
at java.util.concurrent.ThreadPoolExecutor.runWorker(Unknown Source)
at java.util.concurrent.ThreadPoolExecutor$Worker.run(Unknown Source)
at java.lang.Thread.run(Unknown Source)
]]>
            </full-stacktrace>
          </exception> <!-- java.lang.NullPointerException -->
          <reporter-output>
          </reporter-output>
        </test-method> <!-- formMultipleEntry -->
        <test-method status="SKIP" signature="beforeTestMethod()[pri:0, instance:testCases.FormTest2@3712b94]" name="beforeTestMethod" is-config="true" duration-ms="0" started-at="2019-07-14T08:54:37Z" finished-at="2019-07-14T08:54:37Z">
          <reporter-output>
          </reporter-output>
        </test-method> <!-- beforeTestMethod -->
        <test-method status="SKIP" signature="afterTestMethod(org.testng.ITestResult)[pri:0, instance:testCases.FormTest2@3712b94]" name="afterTestMethod" is-config="true" duration-ms="0" started-at="2019-07-14T08:54:37Z" finished-at="2019-07-14T08:54:37Z">
          <reporter-output>
          </reporter-output>
        </test-method> <!-- afterTestMethod -->
        <test-method status="SKIP" signature="afterTestMethod(org.testng.ITestResult)[pri:0, instance:testCases.FormTest2@3712b94]" name="afterTestMethod" is-config="true" duration-ms="0" started-at="2019-07-14T08:54:37Z" finished-at="2019-07-14T08:54:37Z">
          <reporter-output>
          </reporter-output>
        </test-method> <!-- afterTestMethod -->
        <test-method status="SKIP" signature="afterTestMethod(org.testng.ITestResult)[pri:0, instance:testCases.FormTest2@3712b94]" name="afterTestMethod" is-config="true" duration-ms="0" started-at="2019-07-14T08:54:37Z" finished-at="2019-07-14T08:54:37Z">
          <reporter-output>
          </reporter-output>
        </test-method> <!-- afterTestMethod -->
        <test-method status="SKIP" signature="beforeTestMethod()[pri:0, instance:testCases.FormTest2@3712b94]" name="beforeTestMethod" is-config="true" duration-ms="0" started-at="2019-07-14T08:54:37Z" finished-at="2019-07-14T08:54:37Z">
          <reporter-output>
          </reporter-output>
        </test-method> <!-- beforeTestMethod -->
        <test-method status="SKIP" signature="formMultipleEntry(java.lang.String, java.lang.String)[pri:0, instance:testCases.FormTest2@3712b94]" name="formMultipleEntry" duration-ms="0" started-at="2019-07-14T08:54:37Z" data-provider="testData" finished-at="2019-07-14T08:54:37Z">
          <exception class="java.lang.NullPointerException">
            <full-stacktrace>
              <![CDATA[java.lang.NullPointerException
at testCases.FormTest2.startMEClass(FormTest2.java:25)
at sun.reflect.NativeMethodAccessorImpl.invoke0(Native Method)
at sun.reflect.NativeMethodAccessorImpl.invoke(Unknown Source)
at sun.reflect.DelegatingMethodAccessorImpl.invoke(Unknown Source)
at java.lang.reflect.Method.invoke(Unknown Source)
at org.testng.internal.MethodInvocationHelper.invokeMethod(MethodInvocationHelper.java:124)
at org.testng.internal.MethodInvocationHelper.invokeMethodConsideringTimeout(MethodInvocationHelper.java:59)
at org.testng.internal.Invoker.invokeConfigurationMethod(Invoker.java:455)
at org.testng.internal.Invoker.invokeConfigurations(Invoker.java:222)
at org.testng.internal.Invoker.invokeConfigurations(Invoker.java:142)
at org.testng.internal.TestMethodWorker.invokeBeforeClassMethods(TestMethodWorker.java:168)
at org.testng.internal.TestMethodWorker.run(TestMethodWorker.java:105)
at java.util.concurrent.ThreadPoolExecutor.runWorker(Unknown Source)
at java.util.concurrent.ThreadPoolExecutor$Worker.run(Unknown Source)
at java.lang.Thread.run(Unknown Source)
]]>
            </full-stacktrace>
          </exception> <!-- java.lang.NullPointerException -->
          <reporter-output>
          </reporter-output>
        </test-method> <!-- formMultipleEntry -->
        <test-method status="SKIP" signature="closeClass1()[pri:0, instance:testCases.FormTest2@3712b94]" name="closeClass1" is-config="true" duration-ms="0" started-at="2019-07-14T08:54:37Z" finished-at="2019-07-14T08:54:37Z">
          <reporter-output>
          </reporter-output>
        </test-method> <!-- closeClass1 -->
      </class> <!-- testCases.FormTest2 -->
      <class name="testCases.FormTest">
        <test-method status="PASS" signature="startSuite()[pri:0, instance:testCases.FormTest@4d41cee]" name="startSuite" is-config="true" duration-ms="198" started-at="2019-07-14T08:54:31Z" finished-at="2019-07-14T08:54:32Z">
          <reporter-output>
          </reporter-output>
        </test-method> <!-- startSuite -->
        <test-method status="PASS" signature="launchBrowser()[pri:0, instance:testCases.FormTest@4d41cee]" name="launchBrowser" is-config="true" duration-ms="4668" started-at="2019-07-14T08:54:32Z" finished-at="2019-07-14T08:54:36Z">
          <reporter-output>
          </reporter-output>
        </test-method> <!-- launchBrowser -->
        <test-method status="PASS" signature="startClass1()[pri:0, instance:testCases.FormTest@4d41cee]" name="startClass1" is-config="true" duration-ms="4" started-at="2019-07-14T08:54:36Z" finished-at="2019-07-14T08:54:36Z">
          <reporter-output>
          </reporter-output>
        </test-method> <!-- startClass1 -->
        <test-method status="PASS" signature="beforeTestMethod()[pri:0, instance:testCases.FormTest@4d41cee]" name="beforeTestMethod" is-config="true" duration-ms="4" started-at="2019-07-14T08:54:37Z" finished-at="2019-07-14T08:54:37Z">
          <reporter-output>
          </reporter-output>
        </test-method> <!-- beforeTestMethod -->
        <test-method status="SKIP" signature="formSingleEntry(java.lang.String)[pri:0, instance:testCases.FormTest@4d41cee]" name="formSingleEntry" duration-ms="0" started-at="2019-07-14T08:54:37Z" data-provider="testData" finished-at="2019-07-14T08:54:37Z">
          <exception class="java.lang.NullPointerException">
            <full-stacktrace>
              <![CDATA[java.lang.NullPointerException
at testCases.FormTest2.startMEClass(FormTest2.java:25)
at sun.reflect.NativeMethodAccessorImpl.invoke0(Native Method)
at sun.reflect.NativeMethodAccessorImpl.invoke(Unknown Source)
at sun.reflect.DelegatingMethodAccessorImpl.invoke(Unknown Source)
at java.lang.reflect.Method.invoke(Unknown Source)
at org.testng.internal.MethodInvocationHelper.invokeMethod(MethodInvocationHelper.java:124)
at org.testng.internal.MethodInvocationHelper.invokeMethodConsideringTimeout(MethodInvocationHelper.java:59)
at org.testng.internal.Invoker.invokeConfigurationMethod(Invoker.java:455)
at org.testng.internal.Invoker.invokeConfigurations(Invoker.java:222)
at org.testng.internal.Invoker.invokeConfigurations(Invoker.java:142)
at org.testng.internal.TestMethodWorker.invokeBeforeClassMethods(TestMethodWorker.java:168)
at org.testng.internal.TestMethodWorker.run(TestMethodWorker.java:105)
at java.util.concurrent.ThreadPoolExecutor.runWorker(Unknown Source)
at java.util.concurrent.ThreadPoolExecutor$Worker.run(Unknown Source)
at java.lang.Thread.run(Unknown Source)
]]>
            </full-stacktrace>
          </exception> <!-- java.lang.NullPointerException -->
          <reporter-output>
          </reporter-output>
        </test-method> <!-- formSingleEntry -->
        <test-method status="SKIP" signature="afterTestMethod(org.testng.ITestResult)[pri:0, instance:testCases.FormTest@4d41cee]" name="afterTestMethod" is-config="true" duration-ms="0" started-at="2019-07-14T08:54:37Z" finished-at="2019-07-14T08:54:37Z">
          <reporter-output>
          </reporter-output>
        </test-method> <!-- afterTestMethod -->
        <test-method status="SKIP" signature="beforeTestMethod()[pri:0, instance:testCases.FormTest@4d41cee]" name="beforeTestMethod" is-config="true" duration-ms="0" started-at="2019-07-14T08:54:37Z" finished-at="2019-07-14T08:54:37Z">
          <reporter-output>
          </reporter-output>
        </test-method> <!-- beforeTestMethod -->
        <test-method status="SKIP" signature="formSingleEntry(java.lang.String)[pri:0, instance:testCases.FormTest@4d41cee]" name="formSingleEntry" duration-ms="0" started-at="2019-07-14T08:54:37Z" data-provider="testData" finished-at="2019-07-14T08:54:37Z">
          <exception class="java.lang.NullPointerException">
            <full-stacktrace>
              <![CDATA[java.lang.NullPointerException
at testCases.FormTest2.startMEClass(FormTest2.java:25)
at sun.reflect.NativeMethodAccessorImpl.invoke0(Native Method)
at sun.reflect.NativeMethodAccessorImpl.invoke(Unknown Source)
at sun.reflect.DelegatingMethodAccessorImpl.invoke(Unknown Source)
at java.lang.reflect.Method.invoke(Unknown Source)
at org.testng.internal.MethodInvocationHelper.invokeMethod(MethodInvocationHelper.java:124)
at org.testng.internal.MethodInvocationHelper.invokeMethodConsideringTimeout(MethodInvocationHelper.java:59)
at org.testng.internal.Invoker.invokeConfigurationMethod(Invoker.java:455)
at org.testng.internal.Invoker.invokeConfigurations(Invoker.java:222)
at org.testng.internal.Invoker.invokeConfigurations(Invoker.java:142)
at org.testng.internal.TestMethodWorker.invokeBeforeClassMethods(TestMethodWorker.java:168)
at org.testng.internal.TestMethodWorker.run(TestMethodWorker.java:105)
at java.util.concurrent.ThreadPoolExecutor.runWorker(Unknown Source)
at java.util.concurrent.ThreadPoolExecutor$Worker.run(Unknown Source)
at java.lang.Thread.run(Unknown Source)
]]>
            </full-stacktrace>
          </exception> <!-- java.lang.NullPointerException -->
          <reporter-output>
          </reporter-output>
        </test-method> <!-- formSingleEntry -->
        <test-method status="SKIP" signature="afterTestMethod(org.testng.ITestResult)[pri:0, instance:testCases.FormTest@4d41cee]" name="afterTestMethod" is-config="true" duration-ms="0" started-at="2019-07-14T08:54:37Z" finished-at="2019-07-14T08:54:37Z">
          <reporter-output>
          </reporter-output>
        </test-method> <!-- afterTestMethod -->
        <test-method status="SKIP" signature="formSingleEntry(java.lang.String)[pri:0, instance:testCases.FormTest@4d41cee]" name="formSingleEntry" duration-ms="0" started-at="2019-07-14T08:54:37Z" data-provider="testData" finished-at="2019-07-14T08:54:37Z">
          <exception class="java.lang.NullPointerException">
            <full-stacktrace>
              <![CDATA[java.lang.NullPointerException
at testCases.FormTest2.startMEClass(FormTest2.java:25)
at sun.reflect.NativeMethodAccessorImpl.invoke0(Native Method)
at sun.reflect.NativeMethodAccessorImpl.invoke(Unknown Source)
at sun.reflect.DelegatingMethodAccessorImpl.invoke(Unknown Source)
at java.lang.reflect.Method.invoke(Unknown Source)
at org.testng.internal.MethodInvocationHelper.invokeMethod(MethodInvocationHelper.java:124)
at org.testng.internal.MethodInvocationHelper.invokeMethodConsideringTimeout(MethodInvocationHelper.java:59)
at org.testng.internal.Invoker.invokeConfigurationMethod(Invoker.java:455)
at org.testng.internal.Invoker.invokeConfigurations(Invoker.java:222)
at org.testng.internal.Invoker.invokeConfigurations(Invoker.java:142)
at org.testng.internal.TestMethodWorker.invokeBeforeClassMethods(TestMethodWorker.java:168)
at org.testng.internal.TestMethodWorker.run(TestMethodWorker.java:105)
at java.util.concurrent.ThreadPoolExecutor.runWorker(Unknown Source)
at java.util.concurrent.ThreadPoolExecutor$Worker.run(Unknown Source)
at java.lang.Thread.run(Unknown Source)
]]>
            </full-stacktrace>
          </exception> <!-- java.lang.NullPointerException -->
          <reporter-output>
          </reporter-output>
        </test-method> <!-- formSingleEntry -->
        <test-method status="SKIP" signature="beforeTestMethod()[pri:0, instance:testCases.FormTest@4d41cee]" name="beforeTestMethod" is-config="true" duration-ms="0" started-at="2019-07-14T08:54:37Z" finished-at="2019-07-14T08:54:37Z">
          <reporter-output>
          </reporter-output>
        </test-method> <!-- beforeTestMethod -->
        <test-method status="SKIP" signature="beforeTestMethod()[pri:0, instance:testCases.FormTest@4d41cee]" name="beforeTestMethod" is-config="true" duration-ms="0" started-at="2019-07-14T08:54:37Z" finished-at="2019-07-14T08:54:37Z">
          <reporter-output>
          </reporter-output>
        </test-method> <!-- beforeTestMethod -->
        <test-method status="SKIP" signature="afterTestMethod(org.testng.ITestResult)[pri:0, instance:testCases.FormTest@4d41cee]" name="afterTestMethod" is-config="true" duration-ms="0" started-at="2019-07-14T08:54:37Z" finished-at="2019-07-14T08:54:37Z">
          <reporter-output>
          </reporter-output>
        </test-method> <!-- afterTestMethod -->
        <test-method status="SKIP" signature="formSingleEntry(java.lang.String)[pri:0, instance:testCases.FormTest@4d41cee]" name="formSingleEntry" duration-ms="0" started-at="2019-07-14T08:54:37Z" data-provider="testData" finished-at="2019-07-14T08:54:37Z">
          <exception class="java.lang.NullPointerException">
            <full-stacktrace>
              <![CDATA[java.lang.NullPointerException
at testCases.FormTest2.startMEClass(FormTest2.java:25)
at sun.reflect.NativeMethodAccessorImpl.invoke0(Native Method)
at sun.reflect.NativeMethodAccessorImpl.invoke(Unknown Source)
at sun.reflect.DelegatingMethodAccessorImpl.invoke(Unknown Source)
at java.lang.reflect.Method.invoke(Unknown Source)
at org.testng.internal.MethodInvocationHelper.invokeMethod(MethodInvocationHelper.java:124)
at org.testng.internal.MethodInvocationHelper.invokeMethodConsideringTimeout(MethodInvocationHelper.java:59)
at org.testng.internal.Invoker.invokeConfigurationMethod(Invoker.java:455)
at org.testng.internal.Invoker.invokeConfigurations(Invoker.java:222)
at org.testng.internal.Invoker.invokeConfigurations(Invoker.java:142)
at org.testng.internal.TestMethodWorker.invokeBeforeClassMethods(TestMethodWorker.java:168)
at org.testng.internal.TestMethodWorker.run(TestMethodWorker.java:105)
at java.util.concurrent.ThreadPoolExecutor.runWorker(Unknown Source)
at java.util.concurrent.ThreadPoolExecutor$Worker.run(Unknown Source)
at java.lang.Thread.run(Unknown Source)
]]>
            </full-stacktrace>
          </exception> <!-- java.lang.NullPointerException -->
          <reporter-output>
          </reporter-output>
        </test-method> <!-- formSingleEntry -->
        <test-method status="SKIP" signature="afterTestMethod(org.testng.ITestResult)[pri:0, instance:testCases.FormTest@4d41cee]" name="afterTestMethod" is-config="true" duration-ms="0" started-at="2019-07-14T08:54:37Z" finished-at="2019-07-14T08:54:37Z">
          <reporter-output>
          </reporter-output>
        </test-method> <!-- afterTestMethod -->
        <test-method status="SKIP" signature="closeBrowser()[pri:0, instance:testCases.FormTest@4d41cee]" name="closeBrowser" is-config="true" duration-ms="0" started-at="2019-07-14T08:54:37Z" finished-at="2019-07-14T08:54:37Z">
          <reporter-output>
          </reporter-output>
        </test-method> <!-- closeBrowser -->
        <test-method status="SKIP" signature="closeClass1()[pri:0, instance:testCases.FormTest@4d41cee]" name="closeClass1" is-config="true" duration-ms="0" started-at="2019-07-14T08:54:37Z" finished-at="2019-07-14T08:54:37Z">
          <reporter-output>
          </reporter-output>
        </test-method> <!-- closeClass1 -->
        <test-method status="SKIP" signature="afterSuite()[pri:0, instance:testCases.FormTest@4d41cee]" name="afterSuite" is-config="true" duration-ms="0" started-at="2019-07-14T08:54:37Z" finished-at="2019-07-14T08:54:37Z">
          <reporter-output>
          </reporter-output>
        </test-method> <!-- afterSuite -->
      </class> <!-- testCases.FormTest -->
    </test> <!-- Test -->
  </suite> <!-- Suite -->
</testng-results>
