<?xml version="1.0" encoding="UTF-8"?>
<!-- Generated by org.testng.reporters.JUnitXMLReporter -->
<testsuite hostname="sys" ignored="0" name="Test" tests="4" failures="1" timestamp="14 Jul 2019 02:15:25 GMT" time="5.482" errors="0">
  <testcase name="@AfterMethod afterTestMethod" time="0.004" classname="allUtils.BaseClass">
    <failure type="java.lang.NullPointerException">
      <![CDATA[java.lang.NullPointerException
at allUtils.BaseClass.afterTestMethod(BaseClass.java:80)
... Removed 28 stack frames]]>
    </failure>
  </testcase> <!-- @AfterMethod afterTestMethod -->
  <testcase name="@BeforeMethod beforeTestMethod" time="0.0" classname="allUtils.BaseClass">
    <skipped/>
  </testcase> <!-- @BeforeMethod beforeTestMethod -->
  <testcase name="@AfterMethod afterTestMethod" time="0.0" classname="allUtils.BaseClass">
    <skipped/>
  </testcase> <!-- @AfterMethod afterTestMethod -->
  <testcase name="@BeforeMethod beforeTestMethod" time="0.0" classname="allUtils.BaseClass">
    <skipped/>
  </testcase> <!-- @BeforeMethod beforeTestMethod -->
  <testcase name="@AfterMethod afterTestMethod" time="0.0" classname="allUtils.BaseClass">
    <skipped/>
  </testcase> <!-- @AfterMethod afterTestMethod -->
  <testcase name="@BeforeMethod beforeTestMethod" time="0.0" classname="allUtils.BaseClass">
    <skipped/>
  </testcase> <!-- @BeforeMethod beforeTestMethod -->
  <testcase name="@AfterMethod afterTestMethod" time="0.0" classname="allUtils.BaseClass">
    <skipped/>
  </testcase> <!-- @AfterMethod afterTestMethod -->
  <testcase name="@AfterTest closeBrowser" time="0.0" classname="allUtils.BaseClass">
    <skipped/>
  </testcase> <!-- @AfterTest closeBrowser -->
  <testcase name="formSingleEntry" time="0.008" classname="testCases.FormTest">
    <failure type="java.lang.NullPointerException">
      <![CDATA[java.lang.NullPointerException
at testCases.FormTest.formSingleEntry(FormTest.java:22)
... Removed 25 stack frames]]>
    </failure>
  </testcase> <!-- formSingleEntry -->
  <testcase name="formSingleEntry" time="0.0" classname="testCases.FormTest">
    <skipped/>
  </testcase> <!-- formSingleEntry -->
  <testcase name="formSingleEntry" time="0.0" classname="testCases.FormTest">
    <skipped/>
  </testcase> <!-- formSingleEntry -->
  <testcase name="formSingleEntry" time="0.0" classname="testCases.FormTest">
    <skipped/>
  </testcase> <!-- formSingleEntry -->
</testsuite> <!-- Test -->
