<?xml version="1.0" encoding="UTF-8"?>
<!-- Generated by org.testng.reporters.JUnitXMLReporter -->
<testsuite hostname="sys" ignored="0" name="Test2" tests="5" failures="0" timestamp="14 Jul 2019 02:15:43 GMT" time="17.709" errors="0">
  <testcase name="formMultipleEntry" time="5.871" classname="testCases.FormTest2"/>
  <testcase name="formMultipleEntry" time="2.033" classname="testCases.FormTest2"/>
  <testcase name="formMultipleEntry" time="2.194" classname="testCases.FormTest2"/>
  <testcase name="formMultipleEntry" time="1.934" classname="testCases.FormTest2"/>
  <testcase name="formMultipleEntry" time="1.982" classname="testCases.FormTest2"/>
</testsuite> <!-- Test2 -->
