<?xml version="1.0" encoding="UTF-8"?>
<!-- Generated by org.testng.reporters.JUnitXMLReporter -->
<testsuite hostname="sys" ignored="0" name="Test1" tests="4" failures="1" timestamp="14 Jul 2019 01:47:22 GMT" time="5.699" errors="0">
  <testcase name="@AfterMethod afterTestMethod" time="0.008" classname="allUtils.BaseClass">
    <failure type="java.lang.NullPointerException">
      <![CDATA[java.lang.NullPointerException
at allUtils.BaseClass.afterTestMethod(BaseClass.java:80)
at java.util.concurrent.ThreadPoolExecutor.runWorker(Unknown Source)
at java.util.concurrent.ThreadPoolExecutor$Worker.run(Unknown Source)
at java.lang.Thread.run(Unknown Source)
... Removed 13 stack frames]]>
    </failure>
  </testcase> <!-- @AfterMethod afterTestMethod -->
  <testcase name="@BeforeMethod beforeTestMethod" time="0.0" classname="allUtils.BaseClass">
    <skipped/>
  </testcase> <!-- @BeforeMethod beforeTestMethod -->
  <testcase name="@AfterMethod afterTestMethod" time="0.0" classname="allUtils.BaseClass">
    <skipped/>
  </testcase> <!-- @AfterMethod afterTestMethod -->
  <testcase name="@BeforeMethod beforeTestMethod" time="0.0" classname="allUtils.BaseClass">
    <skipped/>
  </testcase> <!-- @BeforeMethod beforeTestMethod -->
  <testcase name="@AfterMethod afterTestMethod" time="0.0" classname="allUtils.BaseClass">
    <skipped/>
  </testcase> <!-- @AfterMethod afterTestMethod -->
  <testcase name="@BeforeMethod beforeTestMethod" time="0.0" classname="allUtils.BaseClass">
    <skipped/>
  </testcase> <!-- @BeforeMethod beforeTestMethod -->
  <testcase name="@AfterMethod afterTestMethod" time="0.0" classname="allUtils.BaseClass">
    <skipped/>
  </testcase> <!-- @AfterMethod afterTestMethod -->
  <testcase name="@AfterTest closeBrowser" time="0.0" classname="allUtils.BaseClass">
    <skipped/>
  </testcase> <!-- @AfterTest closeBrowser -->
  <testcase name="formSingleEntry" time="0.006" classname="testCases.FormTest">
    <failure type="java.lang.NullPointerException">
      <![CDATA[java.lang.NullPointerException
at testCases.FormTest.formSingleEntry(FormTest.java:25)
at java.util.concurrent.ThreadPoolExecutor.runWorker(Unknown Source)
at java.util.concurrent.ThreadPoolExecutor$Worker.run(Unknown Source)
at java.lang.Thread.run(Unknown Source)
... Removed 10 stack frames]]>
    </failure>
  </testcase> <!-- formSingleEntry -->
  <testcase name="formSingleEntry" time="0.0" classname="testCases.FormTest">
    <skipped/>
  </testcase> <!-- formSingleEntry -->
  <testcase name="formSingleEntry" time="0.0" classname="testCases.FormTest">
    <skipped/>
  </testcase> <!-- formSingleEntry -->
  <testcase name="formSingleEntry" time="0.0" classname="testCases.FormTest">
    <skipped/>
  </testcase> <!-- formSingleEntry -->
</testsuite> <!-- Test1 -->
